<?xml version="1.0" encoding="UTF-8"?>
<!-- Generated by org.testng.reporters.JUnitReportReporter -->
<testsuite hostname="DESKTOP-7CSH1RG" failures="0" tests="1" name="ballard_Designs.Ballard" time="1.447" errors="0" timestamp="2024-08-20T16:11:11 IDT" skipped="0">
  <testcase classname="ballard_Designs.Ballard" name="verifyBallard" time="1.447"/>
  <system-out/>
</testsuite> <!-- ballard_Designs.Ballard -->
