<?xml version="1.0" encoding="UTF-8"?>
<!-- Generated by org.testng.reporters.JUnitReportReporter -->
<testsuite hostname="DESKTOP-7CSH1RG" failures="0" tests="1" name="borsheims.Borsheims_Test" time="4.010" errors="0" timestamp="2024-08-21T11:14:30 IDT" skipped="0">
  <testcase classname="borsheims.Borsheims_Test" name="readExcel" time="4.010"/>
  <system-out/>
</testsuite> <!-- borsheims.Borsheims_Test -->
